* using log directory ‘/Users/davidseverson/Desktop/Ludwig_projects/Code/bearscc/BEARscc.Rcheck’
* using R version 3.3.3 (2017-03-06)
* using platform: x86_64-apple-darwin13.4.0 (64-bit)
* using session charset: UTF-8
* using options ‘--no-manual --as-cran’
* checking for file ‘BEARscc/DESCRIPTION’ ... OK
* checking extension type ... Package
* this is package ‘BEARscc’ version ‘0.99.0’
* checking package namespace information ... OK
* checking package dependencies ... OK
* checking if this is a source package ... OK
* checking if there is a namespace ... OK
* checking for executable files ... OK
* checking for hidden files and directories ... OK
* checking for portable file names ... OK
* checking for sufficient/correct file permissions ... OK
* checking whether package ‘BEARscc’ can be installed ... OK
* checking installed package size ... OK
* checking package directory ... OK
* checking ‘build’ directory ... OK
* checking DESCRIPTION meta-information ... OK
* checking top-level files ... OK
* checking for left-over files ... OK
* checking index information ... OK
* checking package subdirectories ... OK
* checking R files for non-ASCII characters ... OK
* checking R files for syntax errors ... OK
* checking whether the package can be loaded ... OK
* checking whether the package can be loaded with stated dependencies ... OK
* checking whether the package can be unloaded cleanly ... OK
* checking whether the namespace can be loaded with stated dependencies ... OK
* checking whether the namespace can be unloaded cleanly ... OK
* checking dependencies in R code ... OK
* checking S3 generic/method consistency ... OK
* checking replacement functions ... OK
* checking foreign function calls ... OK
* checking R code for possible problems ... NOTE
HPC_genewise_permute_count: no visible binding for global variable
  ‘gene_name’
HPC_randomizer: no visible global function definition for ‘rnbinom’
HPC_randomizer: no visible global function definition for ‘rpois’
calculate_cell_metrics_by_cluster: no visible global function
  definition for ‘.’
calculate_cell_metrics_by_cluster: no visible binding for global
  variable ‘rn’
calculate_cluster_metrics_by_cluster: no visible binding for global
  variable ‘mean.prom’
cluster_consensus: no visible global function definition for ‘hclust’
cluster_consensus: no visible global function definition for ‘as.dist’
cluster_consensus: no visible global function definition for ‘cutree’
compute_alpha: no visible binding for global variable ‘transcripts’
compute_alpha: no visible binding for global variable ‘value’
compute_alpha: no visible binding for global variable ‘rn’
compute_alpha: no visible binding for global variable ‘Mean’
compute_alpha: no visible global function definition for ‘rnbinom’
compute_alpha: no visible global function definition for ‘rpois’
compute_alpha: no visible global function definition for ‘hist’
compute_alpha: no visible binding for global variable ‘r.value’
compute_alpha: no visible global function definition for ‘lm’
compute_alpha: no visible binding for global variable ‘p.nbinom’
compute_alpha: no visible global function definition for ‘coef’
compute_models: no visible binding for global variable ‘rn’
compute_models: no visible global function definition for ‘rnbinom’
compute_models: no visible global function definition for ‘rpois’
counts2mpc: no visible binding for global variable ‘transcripts’
counts2mpc: no visible binding for global variable ‘value’
counts2mpc: no visible global function definition for ‘lm’
counts2mpc: no visible binding for global variable ‘V1’
counts2mpc: no visible global function definition for ‘coef’
estimate_missingdata: no visible binding for global variable
  ‘transcripts’
estimate_missingdata: no visible global function definition for ‘coef’
estimate_missingdata: no visible binding for global variable ‘rn’
estimate_mu2sigma: no visible global function definition for ‘sd’
estimate_mu2sigma: no visible binding for global variable ‘value’
estimate_mu2sigma: no visible global function definition for ‘lm’
estimate_mu2sigma: no visible global function definition for ‘coef’
estimate_mu2sigma: no visible binding for global variable ‘V1’
estimate_noiseparameters: no visible binding for global variable
  ‘value’
estimate_noiseparameters: no visible binding for global variable ‘V1’
estimate_noiseparameters: no visible binding for global variable
  ‘transcripts’
estimate_noiseparameters: no visible binding for global variable ‘rn’
estimate_noiseparameters: no visible binding for global variable
  ‘distribution’
estimate_noiseparameters: no visible global function definition for
  ‘write.table’
estimate_undetected2molpercell: no visible global function definition
  for ‘lm’
estimate_undetected2molpercell: no visible global function definition
  for ‘coef’
estimate_undetected2molpercell: no visible binding for global variable
  ‘transcripts’
estimate_undetected2molpercell: no visible binding for global variable
  ‘V1’
prepare_probabilities: no visible global function definition for
  ‘parApply’
prepare_probabilities: no visible binding for global variable ‘cl’
randomizer: no visible global function definition for ‘rnbinom’
randomizer: no visible global function definition for ‘rpois’
report_cluster_metrics: no visible binding for global variable ‘value’
report_cluster_metrics: no visible binding for global variable ‘size’
report_cluster_metrics: no visible binding for global variable ‘L1’
report_cluster_metrics: no visible global function definition for
  ‘na.omit’
report_cluster_metrics: no visible binding for global variable
  ‘Overall.mean’
Undefined global functions or variables:
  . L1 Mean Overall.mean V1 as.dist cl coef cutree distribution
  gene_name hclust hist lm mean.prom na.omit p.nbinom parApply r.value
  rn rnbinom rpois sd size transcripts value write.table
Consider adding
  importFrom("graphics", "hist")
  importFrom("stats", "as.dist", "coef", "cutree", "hclust", "lm",
             "na.omit", "rnbinom", "rpois", "sd")
  importFrom("utils", "write.table")
to your NAMESPACE file.
* checking Rd files ... WARNING
prepare_Rd: BEARscc-package.Rd:21-22: Dropping empty section \references
prepare_Rd: BEARscc_examples.Rd:30-32: Dropping empty section \references
prepare_Rd: analysis_examples.Rd:69-71: Dropping empty section \references
prepare_Rd: cluster_consensus.Rd:33-35: Dropping empty section \references
compute_consensus.Rd: non-ASCII input and no declared encoding
prepare_Rd: create_noiseinjected_counts.Rd:52-54: Dropping empty section \references
estimate_noiseparameters.Rd: non-ASCII input and no declared encoding
report_cell_metrics.Rd: non-ASCII input and no declared encoding
report_cluster_metrics.Rd: non-ASCII input and no declared encoding
problems found in ‘compute_consensus.Rd’, ‘estimate_noiseparameters.Rd’, ‘report_cell_metrics.Rd’, ‘report_cluster_metrics.Rd’
* checking Rd metadata ... OK
* checking Rd line widths ... NOTE
Rd file 'report_cluster_metrics.Rd':
  \usage lines wider than 90 characters:
     report_cluster_metrics(cluster_labels, consensus_matrix, weighted_mean = FALSE, plot = FALSE, file = "Rplot")
  \examples lines wider than 100 characters:
     cluster_scores.dt <- report_cluster_metrics(BEARscc_clusts.df,noise_consensus, plot=TRUE, file="example")

These lines will be truncated in the PDF manual.
* checking Rd cross-references ... OK
* checking for missing documentation entries ... OK
* checking for code/documentation mismatches ... OK
* checking Rd \usage sections ... OK
* checking Rd contents ... OK
* checking for unstated dependencies in examples ... OK
* checking contents of ‘data’ directory ... OK
* checking data for non-ASCII characters ... OK
* checking data for ASCII and uncompressed saves ... OK
* checking sizes of PDF files under ‘inst/doc’ ... OK
* checking installed files from ‘inst/doc’ ... OK
* checking files in ‘vignettes’ ... OK
* checking examples ...